2024-12-22 01:27:52.823  INFO 20525 --- [main] c.e.grocery.GroceryApplicationTests      : Starting GroceryApplicationTests using Java 17.0.11 on Shikhars-MacBook-Air.local with PID 20525 (started by shikharbijpuria in /Users/shikharbijpuria/Downloads/grocery)
2024-12-22 01:27:52.824  INFO 20525 --- [main] c.e.grocery.GroceryApplicationTests      : No active profile set, falling back to 1 default profile: "default"
2024-12-22 01:27:53.202  INFO 20525 --- [main] .s.d.r.c.RepositoryConfigurationDelegate : Bootstrapping Spring Data JPA repositories in DEFAULT mode.
2024-12-22 01:27:53.232  INFO 20525 --- [main] .s.d.r.c.RepositoryConfigurationDelegate : Finished Spring Data repository scanning in 21 ms. Found 3 JPA repository interfaces.
2024-12-22 01:27:53.589  INFO 20525 --- [main] o.hibernate.jpa.internal.util.LogHelper  : HHH000204: Processing PersistenceUnitInfo [name: default]
2024-12-22 01:27:53.620  INFO 20525 --- [main] org.hibernate.Version                    : HHH000412: Hibernate ORM core version 5.6.15.Final
2024-12-22 01:27:53.700  INFO 20525 --- [main] o.hibernate.annotations.common.Version   : HCANN000001: Hibernate Commons Annotations {5.1.2.Final}
2024-12-22 01:27:53.789  INFO 20525 --- [main] com.zaxxer.hikari.HikariDataSource       : HikariPool-1 - Starting...
2024-12-22 01:27:54.155  INFO 20525 --- [main] com.zaxxer.hikari.HikariDataSource       : HikariPool-1 - Start completed.
2024-12-22 01:27:54.169  INFO 20525 --- [main] org.hibernate.dialect.Dialect            : HHH000400: Using dialect: org.hibernate.dialect.MySQL8Dialect
2024-12-22 01:27:54.613  INFO 20525 --- [main] o.h.e.t.j.p.i.JtaPlatformInitiator       : HHH000490: Using JtaPlatform implementation: [org.hibernate.engine.transaction.jta.platform.internal.NoJtaPlatform]
2024-12-22 01:27:54.619  INFO 20525 --- [main] j.LocalContainerEntityManagerFactoryBean : Initialized JPA EntityManagerFactory for persistence unit 'default'
2024-12-22 01:27:54.986  INFO 20525 --- [main] o.s.s.web.DefaultSecurityFilterChain     : Will secure any request with [org.springframework.security.web.session.DisableEncodeUrlFilter@662d3e85, org.springframework.security.web.context.request.async.WebAsyncManagerIntegrationFilter@5598dff2, org.springframework.security.web.context.SecurityContextPersistenceFilter@619854a3, org.springframework.security.web.header.HeaderWriterFilter@c247363, org.springframework.security.web.authentication.logout.LogoutFilter@1055d261, org.springframework.security.web.authentication.UsernamePasswordAuthenticationFilter@233789d9, org.springframework.security.web.authentication.www.BasicAuthenticationFilter@7698a3d9, org.springframework.security.web.savedrequest.RequestCacheAwareFilter@6ed87ccf, org.springframework.security.web.servletapi.SecurityContextHolderAwareRequestFilter@4d4600fb, org.springframework.security.web.authentication.AnonymousAuthenticationFilter@92b1bda, org.springframework.security.web.session.SessionManagementFilter@4860627a, org.springframework.security.web.access.ExceptionTranslationFilter@6fb219dd, org.springframework.security.web.access.intercept.FilterSecurityInterceptor@219dd935]
2024-12-22 01:27:55.089  WARN 20525 --- [main] JpaBaseConfiguration$JpaWebConfiguration : spring.jpa.open-in-view is enabled by default. Therefore, database queries may be performed during view rendering. Explicitly configure spring.jpa.open-in-view to disable this warning
2024-12-22 01:27:55.350  INFO 20525 --- [main] c.e.grocery.GroceryApplicationTests      : Started GroceryApplicationTests in 2.745 seconds (JVM running for 3.198)
2024-12-22 01:27:55.470  INFO 20525 --- [SpringApplicationShutdownHook] j.LocalContainerEntityManagerFactoryBean : Closing JPA EntityManagerFactory for persistence unit 'default'
2024-12-22 01:27:55.472  INFO 20525 --- [SpringApplicationShutdownHook] com.zaxxer.hikari.HikariDataSource       : HikariPool-1 - Shutdown initiated...
2024-12-22 01:27:55.476  INFO 20525 --- [SpringApplicationShutdownHook] com.zaxxer.hikari.HikariDataSource       : HikariPool-1 - Shutdown completed.
2024-12-22 01:31:28.776  INFO 20582 --- [main] c.e.grocery.GroceryApplicationTests      : Starting GroceryApplicationTests using Java 17.0.11 on Shikhars-MacBook-Air.local with PID 20582 (started by shikharbijpuria in /Users/shikharbijpuria/Downloads/grocery)
2024-12-22 01:31:28.777  INFO 20582 --- [main] c.e.grocery.GroceryApplicationTests      : No active profile set, falling back to 1 default profile: "default"
2024-12-22 01:31:29.123  INFO 20582 --- [main] .s.d.r.c.RepositoryConfigurationDelegate : Bootstrapping Spring Data JPA repositories in DEFAULT mode.
2024-12-22 01:31:29.146  INFO 20582 --- [main] .s.d.r.c.RepositoryConfigurationDelegate : Finished Spring Data repository scanning in 19 ms. Found 3 JPA repository interfaces.
2024-12-22 01:31:29.421  INFO 20582 --- [main] o.hibernate.jpa.internal.util.LogHelper  : HHH000204: Processing PersistenceUnitInfo [name: default]
2024-12-22 01:31:29.454  INFO 20582 --- [main] org.hibernate.Version                    : HHH000412: Hibernate ORM core version 5.6.15.Final
2024-12-22 01:31:29.531  INFO 20582 --- [main] o.hibernate.annotations.common.Version   : HCANN000001: Hibernate Commons Annotations {5.1.2.Final}
2024-12-22 01:31:29.585  INFO 20582 --- [main] com.zaxxer.hikari.HikariDataSource       : HikariPool-1 - Starting...
2024-12-22 01:31:29.851  INFO 20582 --- [main] com.zaxxer.hikari.HikariDataSource       : HikariPool-1 - Start completed.
2024-12-22 01:31:29.867  INFO 20582 --- [main] org.hibernate.dialect.Dialect            : HHH000400: Using dialect: org.hibernate.dialect.MySQL8Dialect
2024-12-22 01:31:30.263  INFO 20582 --- [main] o.h.e.t.j.p.i.JtaPlatformInitiator       : HHH000490: Using JtaPlatform implementation: [org.hibernate.engine.transaction.jta.platform.internal.NoJtaPlatform]
2024-12-22 01:31:30.268  INFO 20582 --- [main] j.LocalContainerEntityManagerFactoryBean : Initialized JPA EntityManagerFactory for persistence unit 'default'
2024-12-22 01:31:30.598  INFO 20582 --- [main] o.s.s.web.DefaultSecurityFilterChain     : Will secure any request with [org.springframework.security.web.session.DisableEncodeUrlFilter@92b1bda, org.springframework.security.web.context.request.async.WebAsyncManagerIntegrationFilter@57bfca3a, org.springframework.security.web.context.SecurityContextPersistenceFilter@6c2fea95, org.springframework.security.web.header.HeaderWriterFilter@48188d23, org.springframework.security.web.authentication.logout.LogoutFilter@7615666e, org.springframework.security.web.authentication.UsernamePasswordAuthenticationFilter@2f4fc18, org.springframework.security.web.authentication.www.BasicAuthenticationFilter@39dce2df, org.springframework.security.web.savedrequest.RequestCacheAwareFilter@7352418c, org.springframework.security.web.servletapi.SecurityContextHolderAwareRequestFilter@60ba6631, org.springframework.security.web.authentication.AnonymousAuthenticationFilter@58690f5e, org.springframework.security.web.session.SessionManagementFilter@e88e14, org.springframework.security.web.access.ExceptionTranslationFilter@28ceb25e, org.springframework.security.web.access.intercept.FilterSecurityInterceptor@4a9412c4]
2024-12-22 01:31:30.688  WARN 20582 --- [main] JpaBaseConfiguration$JpaWebConfiguration : spring.jpa.open-in-view is enabled by default. Therefore, database queries may be performed during view rendering. Explicitly configure spring.jpa.open-in-view to disable this warning
2024-12-22 01:31:30.956  INFO 20582 --- [main] c.e.grocery.GroceryApplicationTests      : Started GroceryApplicationTests in 2.349 seconds (JVM running for 2.72)
2024-12-22 01:31:31.055  INFO 20582 --- [SpringApplicationShutdownHook] j.LocalContainerEntityManagerFactoryBean : Closing JPA EntityManagerFactory for persistence unit 'default'
2024-12-22 01:31:31.055  INFO 20582 --- [SpringApplicationShutdownHook] com.zaxxer.hikari.HikariDataSource       : HikariPool-1 - Shutdown initiated...
2024-12-22 01:31:31.067  INFO 20582 --- [SpringApplicationShutdownHook] com.zaxxer.hikari.HikariDataSource       : HikariPool-1 - Shutdown completed.
2024-12-22 01:36:06.975  INFO 20634 --- [main] c.e.grocery.GroceryApplicationTests      : Starting GroceryApplicationTests using Java 17.0.11 on Shikhars-MacBook-Air.local with PID 20634 (started by shikharbijpuria in /Users/shikharbijpuria/Downloads/grocery)
2024-12-22 01:36:06.976  INFO 20634 --- [main] c.e.grocery.GroceryApplicationTests      : No active profile set, falling back to 1 default profile: "default"
2024-12-22 01:36:07.298  INFO 20634 --- [main] .s.d.r.c.RepositoryConfigurationDelegate : Bootstrapping Spring Data JPA repositories in DEFAULT mode.
2024-12-22 01:36:07.330  INFO 20634 --- [main] .s.d.r.c.RepositoryConfigurationDelegate : Finished Spring Data repository scanning in 29 ms. Found 3 JPA repository interfaces.
2024-12-22 01:36:07.605  INFO 20634 --- [main] o.hibernate.jpa.internal.util.LogHelper  : HHH000204: Processing PersistenceUnitInfo [name: default]
2024-12-22 01:36:07.634  INFO 20634 --- [main] org.hibernate.Version                    : HHH000412: Hibernate ORM core version 5.6.15.Final
2024-12-22 01:36:07.696  INFO 20634 --- [main] o.hibernate.annotations.common.Version   : HCANN000001: Hibernate Commons Annotations {5.1.2.Final}
2024-12-22 01:36:07.745  INFO 20634 --- [main] com.zaxxer.hikari.HikariDataSource       : HikariPool-1 - Starting...
2024-12-22 01:36:08.030  INFO 20634 --- [main] com.zaxxer.hikari.HikariDataSource       : HikariPool-1 - Start completed.
2024-12-22 01:36:08.044  INFO 20634 --- [main] org.hibernate.dialect.Dialect            : HHH000400: Using dialect: org.hibernate.dialect.MySQL8Dialect
2024-12-22 01:36:08.428  INFO 20634 --- [main] o.h.e.t.j.p.i.JtaPlatformInitiator       : HHH000490: Using JtaPlatform implementation: [org.hibernate.engine.transaction.jta.platform.internal.NoJtaPlatform]
2024-12-22 01:36:08.433  INFO 20634 --- [main] j.LocalContainerEntityManagerFactoryBean : Initialized JPA EntityManagerFactory for persistence unit 'default'
2024-12-22 01:36:08.724  INFO 20634 --- [main] o.s.s.web.DefaultSecurityFilterChain     : Will secure any request with [org.springframework.security.web.session.DisableEncodeUrlFilter@92b1bda, org.springframework.security.web.context.request.async.WebAsyncManagerIntegrationFilter@57bfca3a, org.springframework.security.web.context.SecurityContextPersistenceFilter@6c2fea95, org.springframework.security.web.header.HeaderWriterFilter@48188d23, org.springframework.security.web.authentication.logout.LogoutFilter@7615666e, org.springframework.security.web.authentication.UsernamePasswordAuthenticationFilter@2f4fc18, org.springframework.security.web.authentication.www.BasicAuthenticationFilter@39dce2df, org.springframework.security.web.savedrequest.RequestCacheAwareFilter@7352418c, org.springframework.security.web.servletapi.SecurityContextHolderAwareRequestFilter@60ba6631, org.springframework.security.web.authentication.AnonymousAuthenticationFilter@58690f5e, org.springframework.security.web.session.SessionManagementFilter@e88e14, org.springframework.security.web.access.ExceptionTranslationFilter@28ceb25e, org.springframework.security.web.access.intercept.FilterSecurityInterceptor@4a9412c4]
2024-12-22 01:36:08.813  WARN 20634 --- [main] JpaBaseConfiguration$JpaWebConfiguration : spring.jpa.open-in-view is enabled by default. Therefore, database queries may be performed during view rendering. Explicitly configure spring.jpa.open-in-view to disable this warning
2024-12-22 01:36:09.075  INFO 20634 --- [main] c.e.grocery.GroceryApplicationTests      : Started GroceryApplicationTests in 2.26 seconds (JVM running for 2.661)
2024-12-22 01:36:09.177  INFO 20634 --- [SpringApplicationShutdownHook] j.LocalContainerEntityManagerFactoryBean : Closing JPA EntityManagerFactory for persistence unit 'default'
2024-12-22 01:36:09.178  INFO 20634 --- [SpringApplicationShutdownHook] com.zaxxer.hikari.HikariDataSource       : HikariPool-1 - Shutdown initiated...
2024-12-22 01:36:09.183  INFO 20634 --- [SpringApplicationShutdownHook] com.zaxxer.hikari.HikariDataSource       : HikariPool-1 - Shutdown completed.
2024-12-22 01:39:47.054  INFO 20712 --- [main] c.e.grocery.GroceryApplicationTests      : Starting GroceryApplicationTests using Java 17.0.11 on Shikhars-MacBook-Air.local with PID 20712 (started by shikharbijpuria in /Users/shikharbijpuria/Downloads/grocery)
2024-12-22 01:39:47.054  INFO 20712 --- [main] c.e.grocery.GroceryApplicationTests      : No active profile set, falling back to 1 default profile: "default"
2024-12-22 01:39:47.430  INFO 20712 --- [main] .s.d.r.c.RepositoryConfigurationDelegate : Bootstrapping Spring Data JPA repositories in DEFAULT mode.
2024-12-22 01:39:47.459  INFO 20712 --- [main] .s.d.r.c.RepositoryConfigurationDelegate : Finished Spring Data repository scanning in 26 ms. Found 3 JPA repository interfaces.
2024-12-22 01:39:47.729  INFO 20712 --- [main] o.hibernate.jpa.internal.util.LogHelper  : HHH000204: Processing PersistenceUnitInfo [name: default]
2024-12-22 01:39:47.756  INFO 20712 --- [main] org.hibernate.Version                    : HHH000412: Hibernate ORM core version 5.6.15.Final
2024-12-22 01:39:47.829  INFO 20712 --- [main] o.hibernate.annotations.common.Version   : HCANN000001: Hibernate Commons Annotations {5.1.2.Final}
2024-12-22 01:39:47.873  INFO 20712 --- [main] com.zaxxer.hikari.HikariDataSource       : HikariPool-1 - Starting...
2024-12-22 01:39:48.127  INFO 20712 --- [main] com.zaxxer.hikari.HikariDataSource       : HikariPool-1 - Start completed.
2024-12-22 01:39:48.142  INFO 20712 --- [main] org.hibernate.dialect.Dialect            : HHH000400: Using dialect: org.hibernate.dialect.MySQL8Dialect
2024-12-22 01:39:48.526  INFO 20712 --- [main] o.h.e.t.j.p.i.JtaPlatformInitiator       : HHH000490: Using JtaPlatform implementation: [org.hibernate.engine.transaction.jta.platform.internal.NoJtaPlatform]
2024-12-22 01:39:48.531  INFO 20712 --- [main] j.LocalContainerEntityManagerFactoryBean : Initialized JPA EntityManagerFactory for persistence unit 'default'
2024-12-22 01:39:48.829  INFO 20712 --- [main] o.s.s.web.DefaultSecurityFilterChain     : Will secure any request with [org.springframework.security.web.session.DisableEncodeUrlFilter@73eae5f, org.springframework.security.web.context.request.async.WebAsyncManagerIntegrationFilter@4902c584, org.springframework.security.web.context.SecurityContextPersistenceFilter@67f0bf7e, org.springframework.security.web.header.HeaderWriterFilter@31fc658f, org.springframework.security.web.authentication.logout.LogoutFilter@16c9f7f0, org.springframework.security.web.authentication.UsernamePasswordAuthenticationFilter@2552181d, org.springframework.security.web.authentication.www.BasicAuthenticationFilter@337fb1a5, org.springframework.security.web.savedrequest.RequestCacheAwareFilter@472dbaf5, org.springframework.security.web.servletapi.SecurityContextHolderAwareRequestFilter@25c4f621, org.springframework.security.web.authentication.AnonymousAuthenticationFilter@7698a3d9, org.springframework.security.web.session.SessionManagementFilter@278c67a7, org.springframework.security.web.access.ExceptionTranslationFilter@647aa45c, org.springframework.security.web.access.intercept.FilterSecurityInterceptor@5e777b0]
2024-12-22 01:39:48.922  WARN 20712 --- [main] JpaBaseConfiguration$JpaWebConfiguration : spring.jpa.open-in-view is enabled by default. Therefore, database queries may be performed during view rendering. Explicitly configure spring.jpa.open-in-view to disable this warning
2024-12-22 01:39:49.176  INFO 20712 --- [main] c.e.grocery.GroceryApplicationTests      : Started GroceryApplicationTests in 2.292 seconds (JVM running for 2.7)
2024-12-22 01:39:49.270  INFO 20712 --- [SpringApplicationShutdownHook] j.LocalContainerEntityManagerFactoryBean : Closing JPA EntityManagerFactory for persistence unit 'default'
2024-12-22 01:39:49.271  INFO 20712 --- [SpringApplicationShutdownHook] com.zaxxer.hikari.HikariDataSource       : HikariPool-1 - Shutdown initiated...
2024-12-22 01:39:49.275  INFO 20712 --- [SpringApplicationShutdownHook] com.zaxxer.hikari.HikariDataSource       : HikariPool-1 - Shutdown completed.
2024-12-22 01:42:45.867  INFO 20753 --- [main] c.e.grocery.GroceryApplicationTests      : Starting GroceryApplicationTests using Java 17.0.11 on Shikhars-MacBook-Air.local with PID 20753 (started by shikharbijpuria in /Users/shikharbijpuria/Downloads/grocery)
2024-12-22 01:42:45.868  INFO 20753 --- [main] c.e.grocery.GroceryApplicationTests      : No active profile set, falling back to 1 default profile: "default"
2024-12-22 01:42:46.232  INFO 20753 --- [main] .s.d.r.c.RepositoryConfigurationDelegate : Bootstrapping Spring Data JPA repositories in DEFAULT mode.
2024-12-22 01:42:46.264  INFO 20753 --- [main] .s.d.r.c.RepositoryConfigurationDelegate : Finished Spring Data repository scanning in 27 ms. Found 3 JPA repository interfaces.
2024-12-22 01:42:46.567  INFO 20753 --- [main] o.hibernate.jpa.internal.util.LogHelper  : HHH000204: Processing PersistenceUnitInfo [name: default]
2024-12-22 01:42:46.599  INFO 20753 --- [main] org.hibernate.Version                    : HHH000412: Hibernate ORM core version 5.6.15.Final
2024-12-22 01:42:46.671  INFO 20753 --- [main] o.hibernate.annotations.common.Version   : HCANN000001: Hibernate Commons Annotations {5.1.2.Final}
2024-12-22 01:42:46.716  INFO 20753 --- [main] com.zaxxer.hikari.HikariDataSource       : HikariPool-1 - Starting...
2024-12-22 01:42:46.956  INFO 20753 --- [main] com.zaxxer.hikari.HikariDataSource       : HikariPool-1 - Start completed.
2024-12-22 01:42:46.971  INFO 20753 --- [main] org.hibernate.dialect.Dialect            : HHH000400: Using dialect: org.hibernate.dialect.MySQL8Dialect
2024-12-22 01:42:47.340  INFO 20753 --- [main] o.h.e.t.j.p.i.JtaPlatformInitiator       : HHH000490: Using JtaPlatform implementation: [org.hibernate.engine.transaction.jta.platform.internal.NoJtaPlatform]
2024-12-22 01:42:47.346  INFO 20753 --- [main] j.LocalContainerEntityManagerFactoryBean : Initialized JPA EntityManagerFactory for persistence unit 'default'
2024-12-22 01:42:47.646  INFO 20753 --- [main] o.s.s.web.DefaultSecurityFilterChain     : Will secure any request with [org.springframework.security.web.session.DisableEncodeUrlFilter@662d3e85, org.springframework.security.web.context.request.async.WebAsyncManagerIntegrationFilter@5598dff2, org.springframework.security.web.context.SecurityContextPersistenceFilter@619854a3, org.springframework.security.web.header.HeaderWriterFilter@c247363, org.springframework.security.web.authentication.logout.LogoutFilter@1055d261, org.springframework.security.web.authentication.UsernamePasswordAuthenticationFilter@233789d9, org.springframework.security.web.authentication.www.BasicAuthenticationFilter@7698a3d9, org.springframework.security.web.savedrequest.RequestCacheAwareFilter@6ed87ccf, org.springframework.security.web.servletapi.SecurityContextHolderAwareRequestFilter@4d4600fb, org.springframework.security.web.authentication.AnonymousAuthenticationFilter@92b1bda, org.springframework.security.web.session.SessionManagementFilter@4860627a, org.springframework.security.web.access.ExceptionTranslationFilter@6fb219dd, org.springframework.security.web.access.intercept.FilterSecurityInterceptor@219dd935]
2024-12-22 01:42:47.739  WARN 20753 --- [main] JpaBaseConfiguration$JpaWebConfiguration : spring.jpa.open-in-view is enabled by default. Therefore, database queries may be performed during view rendering. Explicitly configure spring.jpa.open-in-view to disable this warning
2024-12-22 01:42:48.004  INFO 20753 --- [main] c.e.grocery.GroceryApplicationTests      : Started GroceryApplicationTests in 2.303 seconds (JVM running for 2.715)
2024-12-22 01:42:48.111  INFO 20753 --- [SpringApplicationShutdownHook] j.LocalContainerEntityManagerFactoryBean : Closing JPA EntityManagerFactory for persistence unit 'default'
2024-12-22 01:42:48.112  INFO 20753 --- [SpringApplicationShutdownHook] com.zaxxer.hikari.HikariDataSource       : HikariPool-1 - Shutdown initiated...
2024-12-22 01:42:48.116  INFO 20753 --- [SpringApplicationShutdownHook] com.zaxxer.hikari.HikariDataSource       : HikariPool-1 - Shutdown completed.
